c:\users\thecriticalbrit\documents\visual studio 2015\projects\texteditor\texteditor\debug\vc140.pdb
c:\users\thecriticalbrit\documents\visual studio 2015\projects\texteditor\texteditor\debug\vc140.idb
c:\users\thecriticalbrit\documents\visual studio 2015\projects\texteditor\texteditor\debug\button.obj
c:\users\thecriticalbrit\documents\visual studio 2015\projects\texteditor\texteditor\debug\matrix.obj
c:\users\thecriticalbrit\documents\visual studio 2015\projects\texteditor\texteditor\debug\series.obj
c:\users\thecriticalbrit\documents\visual studio 2015\projects\texteditor\texteditor\debug\derivative.obj
c:\users\thecriticalbrit\documents\visual studio 2015\projects\texteditor\texteditor\debug\riemann.obj
c:\users\thecriticalbrit\documents\visual studio 2015\projects\texteditor\texteditor\debug\texture.obj
c:\users\thecriticalbrit\documents\visual studio 2015\projects\texteditor\texteditor\debug\main.obj
c:\users\thecriticalbrit\documents\visual studio 2015\projects\texteditor\texteditor\debug\node.obj
c:\users\thecriticalbrit\documents\visual studio 2015\projects\texteditor\texteditor\debug\rule.obj
c:\users\thecriticalbrit\documents\visual studio 2015\projects\texteditor\texteditor\debug\shuntingyard.obj
c:\users\thecriticalbrit\documents\visual studio 2015\projects\texteditor\texteditor\debug\token.obj
c:\users\thecriticalbrit\documents\visual studio 2015\projects\texteditor\texteditor\debug\tokenize.obj
c:\users\thecriticalbrit\documents\visual studio 2015\projects\texteditor\debug\texteditor.pdb
c:\users\thecriticalbrit\documents\visual studio 2015\projects\texteditor\texteditor\debug\texteditor.tlog\cl.command.1.tlog
c:\users\thecriticalbrit\documents\visual studio 2015\projects\texteditor\texteditor\debug\texteditor.tlog\cl.read.1.tlog
c:\users\thecriticalbrit\documents\visual studio 2015\projects\texteditor\texteditor\debug\texteditor.tlog\cl.write.1.tlog
c:\users\thecriticalbrit\documents\visual studio 2015\projects\texteditor\texteditor\debug\texteditor.tlog\link-cvtres.read.1.tlog
c:\users\thecriticalbrit\documents\visual studio 2015\projects\texteditor\texteditor\debug\texteditor.tlog\link-cvtres.write.1.tlog
c:\users\thecriticalbrit\documents\visual studio 2015\projects\texteditor\texteditor\debug\texteditor.tlog\link-rc.read.1.tlog
c:\users\thecriticalbrit\documents\visual studio 2015\projects\texteditor\texteditor\debug\texteditor.tlog\link-rc.write.1.tlog
c:\users\thecriticalbrit\documents\visual studio 2015\projects\texteditor\texteditor\debug\texteditor.tlog\link.command.1.tlog
c:\users\thecriticalbrit\documents\visual studio 2015\projects\texteditor\texteditor\debug\texteditor.tlog\link.read.1.tlog
c:\users\thecriticalbrit\documents\visual studio 2015\projects\texteditor\texteditor\debug\texteditor.tlog\link.write.1.tlog
